<?xml version="1.0" encoding="UTF-8"?>
<!-- Generated by org.testng.reporters.JUnitReportReporter -->
<testsuite hostname="Admins-MacBook-Air.local" failures="0" tests="1" name="com.ytube.programms.chromedriver" time="110.622" errors="0" timestamp="2024-04-17T21:03:15 IST" skipped="0">
  <testcase classname="com.ytube.programms.chromedriver" name="chromeintialize" time="110.622"/>
  <system-out/>
</testsuite> <!-- com.ytube.programms.chromedriver -->
