<?xml version="1.0" encoding="UTF-8"?>
<!-- Generated by org.testng.reporters.JUnitReportReporter -->
<testsuite hostname="Admins-MacBook-Air.local" failures="0" tests="1" name="LogicalProgramm.Count_duplicateData" time="0.010" errors="0" timestamp="2024-04-14T12:04:39 IST" skipped="0">
  <testcase classname="LogicalProgramm.Count_duplicateData" name="CountRepetatingPara" time="0.010"/>
  <system-out/>
</testsuite> <!-- LogicalProgramm.Count_duplicateData -->
