<?xml version="1.0" encoding="UTF-8"?>
<!-- Generated by org.testng.reporters.JUnitReportReporter -->
<testsuite hostname="Admins-MacBook-Air.local" failures="0" tests="1" name="LogicalProgramm.No_of_white_spaces" time="0.009" errors="0" timestamp="2024-04-13T15:46:57 IST" skipped="0">
  <testcase classname="LogicalProgramm.No_of_white_spaces" name="replaceSpace" time="0.009"/>
  <system-out/>
</testsuite> <!-- LogicalProgramm.No_of_white_spaces -->
