<?xml version="1.0" encoding="UTF-8"?>
<!-- Generated by org.testng.reporters.JUnitReportReporter -->
<testsuite hostname="Admins-MacBook-Air.local" failures="0" tests="2" name="com.ytube.programms.CrossBrowser" time="64.845" errors="0" timestamp="2024-04-18T16:34:37 IST" skipped="0">
  <testcase classname="com.ytube.programms.CrossBrowser" name="name" time="9.088"/>
  <system-out/>
  <testcase classname="com.ytube.programms.CrossBrowser" name="name" time="55.757"/>
  <system-out/>
</testsuite> <!-- com.ytube.programms.CrossBrowser -->
