<?xml version="1.0" encoding="UTF-8"?>
<!-- Generated by org.testng.reporters.JUnitReportReporter -->
<testsuite hostname="Admins-MacBook-Air.local" failures="0" tests="1" name="com.global.testllibrary.fghjkl" time="13.905" errors="0" timestamp="2024-01-29T12:43:36 IST" skipped="0">
  <testcase classname="com.global.testllibrary.fghjkl" name="fghjkl" time="13.905"/>
  <system-out/>
</testsuite> <!-- com.global.testllibrary.fghjkl -->
