<?xml version="1.0" encoding="UTF-8"?>
<!-- Generated by org.testng.reporters.JUnitReportReporter -->
<testsuite hostname="Admins-MacBook-Air.local" failures="0" tests="1" name="LogicalProgramm.StringSplit" time="0.010" errors="0" timestamp="2024-04-14T11:09:32 IST" skipped="0">
  <testcase classname="LogicalProgramm.StringSplit" name="reverse_EVEN_Odd_Index" time="0.010"/>
  <system-out/>
</testsuite> <!-- LogicalProgramm.StringSplit -->
