<?xml version="1.0" encoding="UTF-8"?>
<!-- Generated by org.testng.reporters.JUnitReportReporter -->
<testsuite hostname="Admins-MacBook-Air.local" failures="0" tests="6" name="LogicalProgramm.DataProvider" time="0.022" errors="0" timestamp="2024-04-14T12:32:53 IST" skipped="0">
  <testcase classname="LogicalProgramm.DataProvider" name="diffclassdata" time="0.001"/>
  <system-out/>
  <testcase classname="LogicalProgramm.DataProvider" name="diffclassdata" time="0.003"/>
  <system-out/>
  <testcase classname="LogicalProgramm.DataProvider" name="data" time="0.001"/>
  <system-out/>
  <testcase classname="LogicalProgramm.DataProvider" name="data" time="0.010"/>
  <system-out/>
  <testcase classname="LogicalProgramm.DataProvider" name="diffclassdata" time="0.005"/>
  <system-out/>
  <testcase classname="LogicalProgramm.DataProvider" name="data" time="0.002"/>
  <system-out/>
</testsuite> <!-- LogicalProgramm.DataProvider -->
