<?xml version="1.0" encoding="UTF-8"?>
<!-- Generated by org.testng.reporters.JUnitReportReporter -->
<testsuite hostname="Admins-MacBook-Air.local" failures="0" tests="1" name="LogicalProgramm.reverseNumber" time="0.009" errors="0" timestamp="2024-04-13T18:58:04 IST" skipped="0">
  <testcase classname="LogicalProgramm.reverseNumber" name="withoutStringReverseNum" time="0.009"/>
  <system-out/>
</testsuite> <!-- LogicalProgramm.reverseNumber -->
