<?xml version="1.0" encoding="UTF-8"?>
<!-- Generated by org.testng.reporters.JUnitReportReporter -->
<testsuite hostname="Admins-MacBook-Air.local" failures="0" tests="1" name="LogicalProgramm.AmstrongNumber" time="0.010" errors="0" timestamp="2024-04-13T12:38:06 IST" skipped="0">
  <testcase classname="LogicalProgramm.AmstrongNumber" name="isAmstrongNo" time="0.010"/>
  <system-out/>
</testsuite> <!-- LogicalProgramm.AmstrongNumber -->
