<?xml version="1.0" encoding="UTF-8"?>
<!-- Generated by org.testng.reporters.JUnitReportReporter -->
<testsuite hostname="Admins-MacBook-Air.local" failures="0" tests="1" name="LogicalProgramm.EvenOdd_Prime_Factor" time="0.010" errors="0" timestamp="2024-04-13T13:15:16 IST" skipped="0">
  <testcase classname="LogicalProgramm.EvenOdd_Prime_Factor" name="even1_10" time="0.010"/>
  <system-out/>
</testsuite> <!-- LogicalProgramm.EvenOdd_Prime_Factor -->
