<?xml version="1.0" encoding="UTF-8"?>
<!-- Generated by org.testng.reporters.JUnitReportReporter -->
<testsuite hostname="Admins-MacBook-Air.local" failures="0" tests="1" name="LogicalProgramm.logical1" time="11.140" errors="0" timestamp="2024-04-13T11:41:57 IST" skipped="0">
  <testcase classname="LogicalProgramm.logical1" name="scanner" time="11.140"/>
  <system-out/>
</testsuite> <!-- LogicalProgramm.logical1 -->
